<?xml version="1.0" encoding="UTF-8" ?>
<testsuite errors="0" failures="0" hostname="rgreim-X781x" name="generics.CheckListTest" skipped="0" tests="2" time="0.057" timestamp="2015-05-13T13:49:13">
  <properties>
[...]
</properties>
  <testcase classname="generics.CheckListTest" name="testCheckWholeNumber" time="0.002" />
  <testcase classname="generics.CheckListTest" name="testCheckList" time="0.001" />
  <system-out><![CDATA[]]></system-out>
  <system-err><![CDATA[]]></system-err>
</testsuite>
